Determining if the pthread_create exist failed with the following output:
Change Dir: /home/mromanow/Dokumenty/RobotSoftware/build/CMakeFiles/CMakeTmp

Run Build Command:"/usr/bin/make" "cmTC_72447/fast"
/usr/bin/make -f CMakeFiles/cmTC_72447.dir/build.make CMakeFiles/cmTC_72447.dir/build
make[1]: Wejście do katalogu '/home/mromanow/Dokumenty/RobotSoftware/build/CMakeFiles/CMakeTmp'
Building C object CMakeFiles/cmTC_72447.dir/CheckSymbolExists.c.o
/usr/bin/cc     -o CMakeFiles/cmTC_72447.dir/CheckSymbolExists.c.o   -c /home/mromanow/Dokumenty/RobotSoftware/build/CMakeFiles/CMakeTmp/CheckSymbolExists.c
Linking C executable cmTC_72447
/usr/bin/cmake -E cmake_link_script CMakeFiles/cmTC_72447.dir/link.txt --verbose=1
/usr/bin/cc       CMakeFiles/cmTC_72447.dir/CheckSymbolExists.c.o  -o cmTC_72447 -rdynamic 
CMakeFiles/cmTC_72447.dir/CheckSymbolExists.c.o: In function `main':
CheckSymbolExists.c:(.text+0x16): undefined reference to `pthread_create'
collect2: error: ld returned 1 exit status
CMakeFiles/cmTC_72447.dir/build.make:97: polecenia dla obiektu 'cmTC_72447' nie powiodły się
make[1]: *** [cmTC_72447] Błąd 1
make[1]: Opuszczenie katalogu '/home/mromanow/Dokumenty/RobotSoftware/build/CMakeFiles/CMakeTmp'
Makefile:126: polecenia dla obiektu 'cmTC_72447/fast' nie powiodły się
make: *** [cmTC_72447/fast] Błąd 2

File /home/mromanow/Dokumenty/RobotSoftware/build/CMakeFiles/CMakeTmp/CheckSymbolExists.c:
/* */
#include <pthread.h>

int main(int argc, char** argv)
{
  (void)argv;
#ifndef pthread_create
  return ((int*)(&pthread_create))[argc];
#else
  (void)argc;
  return 0;
#endif
}

Determining if the function pthread_create exists in the pthreads failed with the following output:
Change Dir: /home/mromanow/Dokumenty/RobotSoftware/build/CMakeFiles/CMakeTmp

Run Build Command:"/usr/bin/make" "cmTC_6d0dd/fast"
/usr/bin/make -f CMakeFiles/cmTC_6d0dd.dir/build.make CMakeFiles/cmTC_6d0dd.dir/build
make[1]: Wejście do katalogu '/home/mromanow/Dokumenty/RobotSoftware/build/CMakeFiles/CMakeTmp'
Building C object CMakeFiles/cmTC_6d0dd.dir/CheckFunctionExists.c.o
/usr/bin/cc    -DCHECK_FUNCTION_EXISTS=pthread_create   -o CMakeFiles/cmTC_6d0dd.dir/CheckFunctionExists.c.o   -c /usr/share/cmake-3.5/Modules/CheckFunctionExists.c
Linking C executable cmTC_6d0dd
/usr/bin/cmake -E cmake_link_script CMakeFiles/cmTC_6d0dd.dir/link.txt --verbose=1
/usr/bin/cc   -DCHECK_FUNCTION_EXISTS=pthread_create    CMakeFiles/cmTC_6d0dd.dir/CheckFunctionExists.c.o  -o cmTC_6d0dd -rdynamic -lpthreads 
/usr/bin/ld: cannot find -lpthreads
collect2: error: ld returned 1 exit status
CMakeFiles/cmTC_6d0dd.dir/build.make:97: polecenia dla obiektu 'cmTC_6d0dd' nie powiodły się
make[1]: *** [cmTC_6d0dd] Błąd 1
make[1]: Opuszczenie katalogu '/home/mromanow/Dokumenty/RobotSoftware/build/CMakeFiles/CMakeTmp'
Makefile:126: polecenia dla obiektu 'cmTC_6d0dd/fast' nie powiodły się
make: *** [cmTC_6d0dd/fast] Błąd 2


